<?xml version="1.0" encoding="UTF-8"?>
<testsuite errors="0" failures="0" hostname="" id="0" name="Jest" package="depot.depot-web" skipped="0" tests="17" time="0" timestamp="1585843220971">
  <testcase classname="depot.depot-web.test" name="Languages renders a radio group with the first option checked" time="0.062">
  </testcase>
  <testcase classname="depot.depot-web.test" name="Languages renders a list with the availableLocales" time="0.014">
  </testcase>
  <testcase classname="depot.depot-web.test" name="Languages renders a &quot;default&quot; label at the first element" time="0.014">
  </testcase>
  <testcase classname="depot.depot-web.test" name="Languages renders a &quot;edit&quot; button if custom option is checked" time="0.21">
  </testcase>
  <testcase classname="depot.depot-web.test" name="Languages renders inputs with the default values" time="0.115">
  </testcase>
  <testcase classname="depot.depot-web.test" name="Languages changes the default language" time="0.214">
  </testcase>
  <testcase classname="depot.depot-web.test" name="Languages fires default locale changed event" time="0.135">
  </testcase>
  <testcase classname="depot.depot-web.test" name="Languages renders a warning when default language is changed" time="0.147">
  </testcase>
  <testcase classname="depot.depot-web.test" name="Languages renders a list with move up actions in all elements except the first one" time="0.133">
  </testcase>
  <testcase classname="depot.depot-web.test" name="Languages renders a list with move down actions in all elements except the last one" time="0.147">
  </testcase>
  <testcase classname="depot.depot-web.test" name="Languages move up the second element" time="0.324">
  </testcase>
  <testcase classname="depot.depot-web.test" name="Languages move down the first element" time="0.3">
  </testcase>
  <testcase classname="depot.depot-web.test" name="Languages ManageLanguages renders a modal when user clicks on Edit button" time="0.281">
  </testcase>
  <testcase classname="depot.depot-web.test" name="Languages ManageLanguages renders custom locales checked" time="0.27">
  </testcase>
  <testcase classname="depot.depot-web.test" name="Languages ManageLanguages custom locale check is disabled" time="0.264">
  </testcase>
  <testcase classname="depot.depot-web.test" name="Languages ManageLanguages uncheck custom locale and save" time="0.371">
  </testcase>
  <testcase classname="depot.depot-web.test" name="Languages ManageLanguages add custom locale and save" time="0.638">
  </testcase>
</testsuite>